999989
999966
999944
999943
999905
999821
999790
999769
999685
999634
999576
999428
999336
999327
999306
999211
999173
999031
998915
998654
998630
998601
998565
998515
998464
998409
998368
998335
998283
998158
998140
997745
997580
997489
997414
997395
997383
997305
997185
997119
997010
996989
996929
996896
996892
996861
996861
996657
996513
996511
996456
996428
996400
996292
996125
995935
995924
995902
995900
995810
995749
995719
995705
995672
995644
995422
995397
995288
995058
995027
994797
994687
994658
994388
994350
994332
994191
994162
994140
994009
993962
993955
993549
993530
993523
993511
993485
993377
993310
993147
993106
993021
992974
992959
992959
992950
992902
992900
992778
992777
992732
992732
992702
992675
992617
992585
992528
992516
992479
992447
992322
992301
992219
992217
992199
992159
992004
991951
991938
991908
991795
991615
991532
991464
991413
991360
991246
991216
991161
991134
991118
991102
990864
990848
990846
990813
990677
990498
990455
990296
990289
990263
990224
990160
990005
989673
989648
989620
989530
989492
989452
989443
989412
989341
989251
989200
989095
989042
988989
988968
988950
988939
988913
988751
988670
988580
988473
988463
988453
988386
988347
988318
988276
988267
988191
988156
988143
988073
988066
987930
987877
987805
987698
987647
987623
987613
987530
987519
987518
987503
987459
987456
987395
987384
987377
987291
987285
987281
987245
987240
987160
987130
987084
986974
986956
986811
986794
986705
986619
986576
986562
986431
986312
986265
986240
986195
986125
986106
986093
986071
985991
985867
985697
985487
985421
985380
985353
985311
985238
985186
985127
984896
984838
984794
984602
984591
984474
984465
984024
983893
983876
983841
983839
983773
983647
983531
983500
983400
983105
983098
983074
982960
982911
982816
982806
982800
982648
982625
982563
982550
982483
982443
982437
982419
982370
982294
982165
982126
982105
982048
982012
981928
981888
981791
981765
981703
981548
981488
981382
981378
981354
981306
981280
981215
981209
981148
981082
981036
980982
980968
980958
980876
980851
980717
980677
980670
980505
980503
980451
980433
980379
980361
980272
980180
980007
979853
979842
979841
979739
979673
979666
979596
979562
979517
979464
979450
979404
979377
979360
979319
979281
979255
979214
979174
979121
979112
979044
978802
978802
978801
978791
978754
978564
978537
978474
978451
978437
978403
978268
978197
978156
978147
978104
978099
978079
978049
978028
977805
977716
977508
977393
977360
977358
977239
977136
977068
977012
976965
976859
976661
976645
976598
976575
976552
976526
976483
976474
976424
976354
976318
976208
976166
976155
976150
976048
976036
975902
975862
975607
975491
975392
975349
975249
975206
974989
974923
974810
974766
974742
974699
974679
974653
974634
974574
974549
974548
974531
974471
974415
974272
974256
974253
973924
973765
973706
973650
973550
973503
973446
973415
973368
973359
973327
973316
973282
973223
973217
973210
973116
973064
972868
972837
972710
972694
972542
972499
972449
972354
972311
972252
972230
972156
972063
972053
971911
971881
971743
971674
971653
971652
971625
971526
971523
971502
971397
971232
971207
971172
971087
970960
970949
970857
970781
970749
970710
970704
970613
970517
970476
970425
970420
970377
970348
970312
970258
970192
970182
970177
970023
969940
969818
969690
969644
969633
969628
969607
969552
969533
969520
969475
969435
969415
969364
969053
968893
968794
968624
968572
968503
968477
968422
968387
968370
968274
968235
968179
968169
967980
967956
967935
967924
967924
967922
967790
967710
967668
967594
967588
967554
967515
967450
967449
967349
967175
967159
967114
967110
967084
967048
967012
966805
966769
966691
966668
966594
966426
966395
966369
966324
966270
966195
966177
966149
966115
966087
966071
966053
965929
965917
965867
965792
965673
965654
965601
965587
965583
965576
965544
965530
965346
965128
965116
965091
965007
964860
964850
964666
964657
964496
964461
964363
964332
964281
964273
964157
964074
964060
964049
963997
963960
963937
963886
963796
963609
963602
963124
963098
963080
963025
963011
962892
962847
962838
962806
962793
962753
962741
962660
962562
962528
962512
962470
962461
962452
962361
962204
962113
962080
962066
961899
961775
961699
961616
961593
961564
961482
961426
961376
961375
961340
961271
961251
961189
961144
961090
961011
960992
960958
960874
960867
960849
960765
960673
960660
960630
960625
960616
960595
960569
960517
960489
960421
960396
960354
960350
960295
960190
960045
959986
959855
959732
959706
959679
959573
959536
959492
959490
959397
959350
959268
959262
959113
959076
958967
958677
958615
958588
958533
958302
958273
958236
958172
958109
958078
958034
958031
957978
957866
957558
957431
957361
957333
957300
957292
957286
957260
957246
957244
957178
957119
957114
957002
956968
956809
956751
956527
956489
956476
956433
956430
956409
956398
956321
956319
956280
956074
955957
955914
955798
955730
955702
955681
955637
955629
955538
955342
955316
954968
954955
954923
954855
954779
954756
954655
954615
954587
954530
954450
954223
954220
954200
954186
954160
954105
954048
954043
953938
953809
953805
953712
953463
953378
953337
953305
953267
953265
953214
953208
953158
953111
952997
952948
952918
952891
952852
952796
952736
952680
952607
952323
952225
952148
952145
951831
951751
951568
951541
951478
951447
951409
951354
951283
951231
951217
950932
950598
950482
950469
950459
950434
950384
950267
950223
950146
950115
950076
950019
949941
949851
949823
949779
949559
949440
949371
949261
949241
949077
949023
949013
948909
948781
948737
948694
948692
948689
948679
948354
948330
948265
948252
948225
948158
948158
948085
948063
947998
947998
947963
947960
947898
947876
947826
947687
947659
947569
947569
947492
947150
947137
947102
947085
946985
946982
946980
946875
946679
946560
946338
946167
946134
946107
946105
945989
945919
945786
945739
945738
945678
945649
945488
945451
945363
945253
945186
945164
945068
945042
945010
945007
944944
944912
944902
944861
944850
944841
944821
944718
944708
944666
944658
944636
944567
944503
944479
944375
944286
944283
944271
944130
944125
943966
943961
943928
943888
943821
943813
943805
943773
943755
943575
943569
943564
943523
943351
943344
943325
943304
943277
943198
943181
943159
943145
942897
942863
942798
942755
942678
942617
942612
942546
942516
942500
942477
942290
942076
941844
941821
941802
941759
941736
941706
941665
941280
941258
941189
941186
941169
941151
941005
940997
940858
940783
940703
940651
940642
940641
940571
940565
940364
940334
940216
940189
940088
940032
939906
939884
939866
939699
939684
939683
939668
939643
939621
939503
939492
939448
939328
939277
939236
939219
939214
939193
939094
939060
938961
938936
938926
938921
938873
938818
938799
938798
938630
938572
938516
938471
938432
938355
938328
938228
938136
938073
938041
937991
937952
937934
937848
937846
937796
937684
937650
937599
937561
937224
937088
936919
936876
936834
936659
936658
936631
936623
936581
936572
936199
936181
936151
936119
936099
936010
935997
935907
935881
935878
935809
935779
935765
935761
935677
935631
935583
935487
935463
935459
935424
935410
935401
935384
935383
935270
935253
935164
935072
934973
934922
934893
934845
934813
934634
934607
934516
934386
934258
934214
934201
934190
934130
934008
933976
933965
933883
933821
933810
933666
933593
933488
933267
933254
933192
933060
933000
932996
932972
932796
932764
932685
932587
932396
932368
932059
932017
932010
931994
931945
931934
931880
931830
931719
931707
931677
931560
931537
931507
931506
931495
931471
931471
931447
931164
931151
931121
931031
931025
930906
930786
930728
930699
930674
930662
930642
930438
930345
930320
930233
930227
930077
930000
929955
929947
929766
929720
929672
929612
929147
929145
929079
929008
928999
928984
928977
928973
928958
928881
928570
928540
928437
928421
928316
928257
928238
928178
928156
928031
927951
927932
927756
927753
927660
927607
927547
927281
927206
927183
927038
927034
926810
926794
926674
926645
926640
926588
926576
926454
926401
926285
926264
926237
926187
926168
925987
925950
925922
925900
925841
925716
925611
925521
925475
925464
925356
925352
925250
925155
925103
925001
924969
924854
924825
924709
924684
924667
924632
924620
924575
924385
924351
924307
924193
924122
924085
924059
924022
924008
923999
923974
923865
923817
923790
923787
923757
923586
923525
923458
923450
923363
923264
923244
923146
923111
923056
922976
922968
922957
922928
922922
922900
922896
922889
922760
922609
922542
922525
922446
922249
922110
922020
922017
921780
921742
921726
921589
921380
921340
921279
921079
921071
921041
921040
921012
921010
920682
920614
920581
920577
920289
920271
920080
919998
919941
919912
919899
919860
919746
919726
919663
919663
919509
919433
919429
919423
919402
919360
919352
919340
919276
919234
919089
918956
918813
918766
918739
918631
918624
918476
918430
918423
918281
918277
918179
918048
917966
917947
917878
917873
917815
917735
917649
917595
917521
917462
917299
917291
917258
917213
917195
917188
917188
917024
917019
916965
916962
916909
916874
916827
916739
916622
916619
916597
916544
916489
916359
916237
916204
916177
916092
916073
916040
916014
915988
915984
915940
915876
915867
915843
915721
915561
915550
915535
915459
915367
915247
915105
915049
914993
914972
914918
914837
914794
914745
914597
914585
914531
914529
914387
914332
914227
914215
914178
914074
914031
914004
913991
913984
913849
913823
913777
913740
913686
913622
913590
913586
913508
913492
913437
913406
913382
913319
913315
913170
913164
912960
912895
912874
912809
912760
912755
912667
912586
912518
912503
912436
912418
912398
912364
912331
912298
912238
912219
912206
912117
911816
911809
911665
911622
911622
911587
911572
911392
911309
911298
911282
911277
911178
911103
911102
911058
911048
911001
910893
910846
910813
910729
910580
910414
910357
910262
910214
910038
910020
910005
909906
909896
909866
909859
909852
909747
909624
909472
909464
909383
909230
909157
909124
909068
909064
909062
908966
908951
908950
908918
908822
908705
908606
908571
908093
908079
907930
907890
907885
907840
907773
907759
907673
907603
907501
907343
907306
907297
907296
907285
907105
907101
907090
907089
907016
906964
906927
906796
906784
906776
906755
906754
906731
906692
906666
906641
906605
906589
906481
906418
906168
906147
906070
906061
906034
906032
906030
905877
905868
905720
905686
905595
905568
905563
905561
905555
905528
905432
905342
905311
905310
905262
905218
905206
905149
905094
904894
904882
904775
904687
904675
904604
904577
904527
904508
904489
904395
904141
904060
904031
904007
903986
903980
903968
903964
903910
903902
903819
903771
903547
903451
903450
903322
903307
903300
903296
903201
903063
903046
903044
902839
902817
902797
902762
902731
902643
902593
902570
902567
902562
902542
902390
902228
902163
902128
902103
902093
902086
902001
901982
901897
901893
901769
901659
901653
901437
901367
901354
901247
901202
901142
901020
901018
900910
900827
900797
900730
900563
900531
900449
900373
900351
900147
900103
899973
899929
899855
899753
899683
899682
899653
899337
899330
899201
899128
899120
899103
899079
899063
899010
898913
898704
898667
898599
898549
898495
898331
898324
898298
898169
898141
898009
898006
897966
897791
897683
897637
897552
897376
897363
897247
897236
897209
897085
897049
896981
896884
896870
896572
896383
896312
896278
896272
896152
896124
896121
896114
896108
896081
896036
896021
895893
895866
895694
895595
895476
895419
895373
895273
895271
895262
895247
894842
894607
894357
894287
894278
894257
894173
894075
893976
893938
893774
893764
893670
893574
893376
893213
893087
892934
892737
892670
892667
892589
892458
892346
892283
892202
892202
892135
892116
892005
891928
891926
891786
891569
891478
891404
891262
891247
891154
891153
891119
891102
891096
890934
890901
890884
890859
890834
890750
890711
890700
890674
890558
890398
890380
890378
890337
890337
890317
890240
890214
890165
890141
889792
889713
889448
889439
889436
889435
889417
889382
889334
889297
889259
889228
889121
889078
889049
889006
888962
888947
888919
888730
888716
888664
888571
888480
888363
888323
888268
888256
888066
888058
888040
888021
887851
887472
887408
887331
887322
887209
887119
887091
887065
887040
886991
886817
886739
886702
886677
886576
886562
886491
886400
886382
886351
886227
886171
886128
886123
886111
885976
885915
885835
885807
885775
885740
885725
885647
885611
885464
885444
885440
885351
885314
885210
885194
885080
885066
885050
885018
884950
884672
884651
884645
884553
884507
884500
884384
884350
884259
884199
884124
884063
883901
883896
883852
883802
883692
883674
883658
883530
883417
883383
883356
883317
883271
883250
883161
882969
882937
882673
882639
882477
882241
882235
882180
882074
882029
881955
881937
881828
881800
881761
881757
881693
881688
881683
881682
881598
881569
881563
881471
881285
881085
880952
880947
880904
880899
880858
880726
880667
880607
880604
880562
880445
880193
880127
879789
879680
879659
879467
879440
879373
879322
879311
879285
879233
879200
879148
879148
879067
879049
878907
878802
878740
878565
878538
878430
878351
878318
878244
878169
878136
878128
878086
878016
877969
877963
877961
877595
877479
877310
877238
877150
876970
876964
876957
876864
876815
876813
876733
876638
876555
876535
876507
876355
876324
876265
876171
876147
876082
876022
875786
875762
875759
875745
875703
875525
875489
875477
875456
875367
875334
875311
875121
875084
874929
874891
874797
874703
874682
874512
874476
874442
874415
874349
874248
874240
874202
874149
874023
874013
873998
873980
873968
873958
873826
873814
873745
873717
873631
873589
873565
873377
873221
873178
873132
873083
873048
872805
872756
872696
872513
872492
872441
872318
872288
872205
872186
872183
872148
872049
872000
871999
871974
871966
871874
871720
871649
871640
871527
871526
871487
871482
871426
871279
871139
871136
871022
870775
870766
870706
870698
870601
870500
870469
870420
870408
870400
870334
870255
870221
870163
870163
870115
870107
869996
869967
869816
869760
869647
869624
869443
869220
869184
869167
869155
869124
869081
869078
869022
868864
868812
868744
868678
868488
868450
868437
868287
868271
868180
868169
868126
867920
867917
867911
867763
867703
867689
867683
867517
867492
867476
867425
867392
867326
867254
867231
867158
867115
866873
866833
866788
866781
866767
866724
866561
866488
866465
866404
866401
866199
866060
866059
866008
865961
865934
865805
865781
865761
865711
865699
865680
865638
865558
865520
865513
865351
865300
865272
865267
865113
865096
865089
865005
864912
864617
864583
864549
864546
864512
864487
864176
864116
864076
863934
863930
863914
863890
863774
863726
863646
863630
863592
863589
863574
863495
863438
863436
863390
863375
863305
863261
863249
863197
863189
863046
862976
862823
862788
862696
862684
862586
862574
862504
862422
862309
862076
862013
861934
861909
861904
861891
861809
861706
861611
861499
861482
861432
861430
861411
861388
861370
861352
861295
861231
861096
861061
861043
861026
860942
860844
860835
860738
860635
860572
860567
860522
860495
860455
860394
860356
860323
860211
860112
860065
859925
859916
859878
859839
859779
859658
859654
859644
859620
859610
859571
859556
859425
859423
859320
859310
859197
859134
859131
858954
858813
858813
858790
858765
858569
858491
858490
858478
858421
858375
858334
858313
858204
858141
858068
857882
857859
857762
857744
857673
857651
857619
857525
857462
857413
857068
857047
856973
856812
856810
856607
856540
856499
856381
856356
856232
856222
856036
856014
856014
855974
855973
855881
855820
855546
855402
855397
855284
855256
854992
854925
854878
854828
854791
854773
854761
854713
854671
854651
854647
854616
854529
854497
854463
854442
854349
854141
854035
854030
853734
853458
853366
853302
853254
853229
853036
853026
852983
852966
852895
852805
852734
852687
852648
852580
852506
852498
852491
852452
852431
852396
852219
852177
852175
852148
852137
852068
851975
851878
851788
851724
851691
851679
851535
851473
851439
851393
851354
851300
851247
851209
851072
851062
851054
850992
850989
850981
850952
850924
850869
850841
850568
850553
850545
850468
850262
850221
850112
850095
850030
849930
849877
849791
849780
849762
849755
849733
849673
849649
849649
849609
849574
849385
849113
849109
849083
848880
848715
848669
848619
848546
848410
848358
848346
848336
848304
848300
848262
848176
848167
848083
848005
847955
847847
847789
847768
847686
847650
847567
847523
847425
847405
847181
847125
847069
847010
846961
846938
846872
846839
846806
846781
846728
846669
846601
846580
846386
846258
846164
846112
846110
846039
846016
845999
845980
845968
845927
845834
845816
845718
845651
845641
845563
845403
845348
845336
845314
845287
845276
845217
845041
844551
844276
844219
844132
844015
843995
843897
843893
843834
843763
843684
843603
843464
843440
843391
843365
843216
843186
843111
843097
843080
843038
843006
842983
842895
842809
842774
842746
842729
842716
842639
842571
842556
842396
842372
842368
842346
842330
842194
842090
841969
841951
841856
841804
841801
841795
841760
841546
841443
841381
841326
841318
841302
841263
841137
841115
840986
840906
840874
840867
840850
840806
840792
840764
840669
840556
840523
840432
840367
840244
840190
840028
839735
839716
839695
839659
839643
839629
839629
839582
839537
839470
839449
839403
839382
839333
839314
839275
839143
839071
839019
839014
839009
838905
838844
838836
838803
838794
838765
838755
838748
838676
838666
838603
838594
838260
838241
838234
838170
838146
838077
838007
837972
837958
837792
837784
837737
837675
837632
837395
837263
837115
837077
836995
836838
836826
836801
836764
836696
836695
836631
836609
836446
836348
836289
836244
836169
836140
835936
835759
835611
835470
835441
835384
835359
835299
835260
835234
835208
834903
834785
834710
834586
834542
834510
834306
834284
834272
834252
834238
834229
834195
834129
834069
833766
833756
833698
833630
833584
833412
833404
833397
833305
833283
833263
833188
833180
833169
833138
833104
833098
833093
833064
833058
833039
833029
832884
832866
832829
832767
832721
832718
832609
832471
832325
832285
832213
831967
831962
831949
831885
831861
831760
831756
831520
831166
830995
830964
830866
830842
830830
830720
830656
830605
830539
830520
830516
830504
830460
830453
830424
830312
830286
830244
830189
830099
830075
829998
829962
829800
829783
829781
829735
829719
829703
829620
829535
829472
829465
829462
829443
829360
829282
829212
829196
829167
829139
829131
829063
829059
829015
828842
828771
828631
828356
828080
828046
828017
827979
827912
827877
827806
827783
827753
827696
827686
827680
827366
827344
827255
827208
827189
827027
827008
827003
826990
826979
826957
826914
826904
826879
826871
826838
826822
826781
826702
826684
826675
826634
826609
826599
826580
826463
826285
826225
826153
826041
826029
825966
825943
825813
825521
825480
825417
825354
825278
825218
825162
825148
825129
825122
825071
824935
824893
824804
824714
824598
824529
824458
824133
824052
824006
823957
823863
823645
823630
823585
823552
823539
823518
823514
823429
823418
823264
823182
823152
823128
822948
822920
822851
822764
822729
822718
822607
822586
822547
822398
822258
822192
822140
821916
821894
821889
821872
821838
821783
821748
821675
821671
821614
821552
821536
821472
821434
821326
821223
821159
821069
820898
820809
820756
820605
820508
820331
820326
820298
820244
820106
820100
820057
820027
820003
819943
819933
819878
819627
819621
819564
819552
819534
819491
819403
819353
819228
819185
819185
819115
818690
818553
818434
818346
818173
817967
817957
817914
817823
817820
817713
817708
817525
817464
817376
817335
817325
817277
817255
817243
817220
817182
817136
816889
816884
816565
816526
816456
816441
816439
816375
816369
816349
816299
816186
816185
816137
816133
816133
816074
816002
815982
815969
815947
815781
815745
815664
815577
815477
815375
815230
815226
815166
815153
815092
815042
814957
814925
814890
814876
814868
814848
814811
814770
814732
814660
814477
814471
814466
814300
814267
814190
814188
814135
814081
814054
813997
813950
813889
813859
813851
813786
813608
813475
813422
813410
813392
813277
813242
813233
813215
813114
813113
813106
813067
812920
812906
812881
812877
812775
812633
812613
812504
812438
812435
812323
812151
812138
812032
811971
811900
811854
811847
811839
811781
811608
811544
811442
811428
811407
811389
811344
811269
811135
811123
811051
811019
810990
810981
810964
810920
810559
810493
810479
810457
810441
810273
810264
810226
810018
810004
809928
809786
809739
809695
809681
809676
809671
809617
809538
809510
809463
809321
809307
808998
808947
808903
808869
808853
808848
808836
808753
808496
808434
808342
808309
808306
808297
808199
808067
808011
807954
807952
807862
807766
807641
807396
807015
807010
807009
806982
806972
806925
806852
806825
806821
806529
806275
806208
806207
806146
806102
806038
805971
805861
805842
805675
805634
805388
805236
805229
805127
805072
805038
804986
804945
804944
804929
804929
804851
804846
804835
804753
804732
804638
804623
804617
804597
804577
804558
804524
804492
804237
804165
804120
803822
803808
803765
803593
803540
803519
803508
803445
803347
803273
803231
803134
803131
802962
802945
802931
802882
802850
802739
802720
802623
802535
802525
802414
802406
802387
802353
802203
802173
802165
802061
801879
801835
801794
801758
801691
801515
801514
801474
801463
801367
801329
801316
801184
801183
801181
801007
800820
800814
800577
800534
800420
800277
800205
800125
799971
799967
799939
799890
799836
799733
799641
799567
799500
799498
799384
799358
799343
799189
799174
799153
799100
799091
799069
799068
799055
799015
799009
798974
798898
798847
798837
798727
798707
798639
798635
798617
798601
798503
798452
798395
798383
798351
798285
798181
798153
797915
797781
797769
797680
797363
797165
797153
797098
797031
797017
797011
796935
796882
796770
796758
796750
796655
796651
796502
796415
796146
796037
795989
795959
795762
795728
795665
795598
795480
795428
795220
795091
795013
794898
794772
794681
794659
794650
794646
794537
794497
794405
794384
794229
794139
794024
793999
793983
793951
793924
793727
793648
793533
793428
793369
793339
793228
793213
793117
793099
792735
792695
792574
792518
792513
792430
792413
792232
792183
792052
792031
791993
791908
791711
791682
791589
791526
791494
791428
791416
791416
791330
791304
791274
791241
791234
791088
791017
790973
790968
790861
790788
790712
790515
790447
790437
790430
790424
790396
790348
790250
790029
789988
789830
789667
789665
789554
789411
789290
789078
788988
788960
788877
788872
788830
788707
788540
788470
788365
788339
788154
788127
788124
788123
788040
787996
787972
787961
787956
787850
787835
787675
787645
787544
787475
787440
787331
787171
786943
786847
786723
786488
786487
786471
786454
786336
786295
785945
785912
785902
785863
785821
785793
785675
785542
785524
785447
785284
785250
785237
785106
784851
784844
784796
784728
784652
784530
784310
783948
783797
783700
783621
783610
783581
783470
783411
783361
783335
783327
783311
783290
783249
783196
783157
783150
783116
783030
782987
782815
782684
782669
782585
782315
782249
782246
782215
782011
781919
781866
781786
781498
781411
781408
781246
781212
781206
781176
781175
781157
781120
781062
781019
780989
780976
780930
780798
780728
780686
780641
780522
780464
780416
780368
780295
780235
780223
780178
780158
780135
780079
780069
780014
779972
779908
779844
779827
779713
779429
779370
779262
779196
779098
779060
778931
778894
778811
778774
778648
778631
778601
778509
778456
778450
778405
778403
778362
778310
778295
778236
778203
778102
778027
777995
777961
777858
777827
777770
777745
777612
777597
777442
777306
777297
777258
777238
777059
777058
777055
776943
776867
776856
776753
776749
776727
776700
776650
776611
776553
776550
776458
776308
776297
776261
776087
775902
775809
775786
775735
775715
775691
775621
775307
775250
775150
775116
775081
775047
775046
774965
774935
774914
774861
774727
774665
774507
774484
774483
774283
774235
774204
774041
773865
773863
773794
773791
773751
773701
773590
773555
773534
773517
773475
773324
773322
773190
773132
773097
773055
772987
772931
772791
772713
772648
772638
772626
772536
772529
772503
772477
772337
772264
772246
772225
772180
772177
772169
771971
771888
771839
771775
771760
771707
771624
771497
771371
771345
771337
771335
771227
771083
771036
771018
770974
770900
770825
770776
770536
770536
770442
770412
770341
770329
770297
770206
770097
770091
769947
769901
769888
769782
769685
769661
769652
769449
769396
769355
769297
769191
769187
769092
769059
769047
768875
768795
768656
768618
768530
768525
768502
768502
768485
768445
768369
768311
768270
768226
768204
768187
768145
768124
768123
768013
767970
767922
767886
767764
767664
767574
767573
767570
767518
767473
767200
767136
767047
767022
766658
766642
766614
766515
766511
766456
766424
766372
766221
766023
766007
765989
765965
765901
765752
765581
765431
765322
765313
765284
765260
765233
765198
765156
765149
765066
764945
764935
764884
764707
764638
764598
764591
764582
764580
764509
764439
764376
764355
764341
764251
764195
764072
764056
763998
763874
763835
763804
763694
763677
763674
763552
763430
763298
763233
763130
763105
762927
762773
762580
762557
762477
762452
762419
762417
762233
762212
762179
762172
762168
761862
761821
761748
761621
761486
761482
761471
761464
761054
760906
760890
760851
760849
760806
760798
760668
760510
760499
760468
760430
760382
760289
760271
760220
760133
760076
760016
759941
759921
759885
759850
759803
759753
759614
759613
759573
759370
759188
759092
759079
759030
758985
758722
758678
758599
758554
758527
758517
758514
758424
758398
758327
758138
758119
758008
757792
757785
757699
757641
757609
757574
757557
757459
757455
757298
757162
757162
757081
757011
757000
756997
756839
756830
756746
756678
756605
756585
756540
756498
756429
756345
756145
756044
755941
755879
755852
755837
755785
755770
755696
755654
755573
755570
755562
755419
755373
755219
755186
755063
754686
754683
754665
754646
754471
754363
754316
754043
754019
753820
753792
753685
753641
753541
753524
753401
753367
753168
753133
753084
753015
752996
752978
752949
752791
752781
752698
752660
752599
752560
752531
752481
752466
752442
752359
752291
752168
752130
752115
752077
752026
751920
751888
751637
751613
751506
751455
751356
751323
751290
751269
751249
751204
751142
751067
751065
751007
750864
750662
750496
750472
750405
750381
750325
750297
750282
750095
750047
750005
749916
749672
749566
749548
749449
749423
749257
749235
749231
749133
749118
749109
749101
749085
749070
748941
748840
748806
748794
748676
748501
748490
748341
748281
748209
748202
748145
748133
748105
748033
747994
747984
747971
747927
747839
747824
747719
747702
747680
747632
747629
747351
747339
747244
747226
747190
747089
747081
747055
747016
747008
747005
747000
746961
746786
746581
746488
746433
746030
745988
745921
745904
745761
745752
745663
745655
745608
745510
745415
745387
745334
745296
745256
745250
745246
745168
745162
745055
745034
745020
745005
745000
744982
744855
744754
744635
744601
744581
744532
744522
744485
744451
744396
744325
744262
744241
744232
744089
743996
743972
743961
743918
743789
743755
743727
743650
743617
743577
743446
743437
743333
743259
743235
743216
743097
743090
743084
743084
742915
742876
742876
742862
742671
742650
742607
742529
742345
742134
741859
741852
741847
741797
741778
741752
741715
741549
741542
741380
741318
741311
741302
741223
740908
740896
740883
740875
740755
740694
740685
740662
740602
740602
740512
740413
740063
739998
739992
739910
739868
739846
739769
739738
739595
739585
739574
739543
739487
739434
739426
739405
739237
739177
739166
739134
739077
738953
738899
738898
738890
738882
738870
738861
738844
738768
738684
738679
738615
738520
738432
738424
738390
738319
738291
738260
738236
738153
738052
738043
737907
737894
737822
737789
737739
737666
737656
737644
737625
737588
737557
737515
737450
737438
737429
737250
737157
737103
737047
736859
736850
736843
736797
736727
736639
736435
736278
736239
736235
736212
736158
736104
736009
735921
735785
735611
735605
735605
735593
735579
735512
735461
735392
735350
735342
735118
735033
734966
734948
734925
734893
734873
734860
734832
734829
734595
734565
734518
734428
734382
734239
734218
734096
734086
734035
734030
734018
733980
733895
733804
733780
733749
733673
733585
733578
733469
733465
733388
733335
733303
733293
733293
733195
732993
732945
732788
732701
732690
732674
732636
732596
732586
732517
732432
732306
732271
732112
731989
731980
731588
731560
731381
731260
731236
731211
731189
731189
730980
730970
730961
730931
730890
730833
730822
730696
730653
730572
730552
730522
730480
730468
730456
730426
730006
729955
729944
729876
729843
729784
729679
729605
729492
729490
729349
729342
729325
729179
729120
729116
728925
728877
728713
728693
728600
728565
728553
728541
728507
728496
728441
728392
728345
728322
728281
728110
728109
728060
728034
728004
727847
727694
727578
727506
727479
727388
727380
727283
727174
727157
727140
726960
726887
726842
726795
726791
726562
726525
726440
726433
726409
726399
726393
725982
725946
725925
725532
725485
725435
725378
725378
725287
725284
725274
724958
724938
724834
724763
724711
724640
724492
724460
724380
724117
723959
723926
723715
723509
723483
723465
723384
723338
723319
723242
723152
723005
722966
722958
722938
722928
722833
722784
722699
722196
722190
722155
722082
722020
722012
721989
721986
721764
721717
721699
721630
721419
721355
721261
721150
721089
720866
720846
720822
720700
720683
720600
720592
720568
720539
720495
720487
720446
720397
720353
720317
720308
720262
720226
720207
720001
719829
719829
719790
719782
719775
719761
719634
719602
719574
719444
719439
719056
719049
719046
718743
718740
718623
718407
718327
718272
718266
718222
718189
717909
717902
717829
717798
717786
717773
717771
717749
717743
717621
717533
717496
717427
717356
717327
717239
717209
717148
717143
716878
716868
716793
716769
716700
716674
716635
716615
716532
716513
716510
716213
716203
716166
715998
715954
715684
715630
715609
715584
715438
715362
715362
715240
715217
715121
715059
714831
714735
714595
714420
714374
714298
714190
714087
714076
713981
713943
713895
713893
713792
713779
713649
713560
713444
713369
713302
713156
713155
712957
712860
712789
712660
712480
712347
712335
712332
712316
712300
712275
712251
712183
712117
712058
712038
711959
711819
711803
711800
711748
711740
711731
711697
711695
711693
711613
711610
711533
711518
711503
711482
711474
711467
711399
711330
711298
711275
711258
711223
711128
711121
711042
710949
710855
710847
710704
710702
710583
710583
710558
710533
710417
710402
710327
710073
710060
710049
709927
709872
709803
709760
709707
709510
709473
709464
709251
709230
709150
709060
709048
709018
708928
708919
708864
708856
708817
708810
708587
708560
708462
708448
708421
708394
708324
708277
708259
708239
708116
708095
708083
708025
707973
707737
707665
707592
707513
707417
707350
707348
707264
707113
707015
706955
706954
706844
706843
706813
706804
706772
706597
706504
706487
706479
706476
706449
706440
706366
706353
706313
706311
706309
706261
706204
706114
706100
706054
705862
705831
705771
705488
705343
705329
705314
705269
705217
705180
705132
704976
704516
704496
704420
704271
704207
704202
704010
704004
703948
703598
703533
703483
703481
703478
703467
703453
703442
703353
703297
703225
703177
703031
703002
702855
702641
702617
702592
702346
702243
702204
701974
701948
701926
701891
701582
701546
701505
701446
701329
701273
701249
701144
701095
700961
700902
700890
700719
700609
700543
700414
700252
700213
700194
700120
700048
699933
699914
699563
699531
699464
699457
699450
699447
699329
699306
699278
699241
699207
699107
699092
699025
698990
698920
698895
698887
698811
698564
698500
698440
698381
698304
698294
698199
698188
698109
698025
697963
697938
697928
697875
697763
697529
697450
697434
697312
697099
697097
697092
696912
696849
696844
696741
696730
696688
696646
696549
696524
696473
696444
696425
696385
696367
696263
696228
696158
696085
696016
696016
695738
695585
695450
695418
695410
695395
695311
695187
695170
695050
695034
694664
694652
694646
694613
694362
694272
694247
694234
694132
693986
693984
693661
693636
693491
693412
693410
693400
693360
693330
693328
693308
693248
693244
693242
693150
693138
693066
693043
692950
692939
692931
692801
692740
692705
692698
692677
692658
692565
692394
692390
692361
692317
692200
692175
692092
692088
692065
691818
691737
691662
691524
691378
691360
691312
691291
691255
691182
691123
691030
691011
690962
690956
690908
690892
690878
690866
690855
690813
690677
690653
690648
690593
690532
690486
690477
690421
690371
690334
690312
690286
690198
690175
690123
690115
690062
690051
689786
689712
689658
689587
689560
689499
689491
689421
689357
689326
689300
689197
689092
689070
688994
688970
688948
688937
688898
688840
688788
688563
688557
688539
688428
688299
688170
688102
688081
688056
688003
687959
687953
687932
687830
687763
687705
687672
687637
687499
687461
687414
687401
687361
687196
687034
686921
686908
686858
686793
686773
686742
686733
686637
686610
686564
686455
686426
686379
686289
686273
686252
686242
686136
686086
685983
685892
685843
685816
685780
685639
685609
685479
685393
685384
685366
685314
685235
685190
685188
685175
685027
685010
684794
684792
684621
684561
684472
684385
684346
684177
684014
684008
683827
683791
683752
683728
683656
683608
683593
683447
683413
683385
683358
683285
683125
683033
682970
682933
682649
682526
682447
682447
682395
682327
682178
682132
682107
682069
682040
682013
681947
681889
681768
681730
681729
681711
681598
681330
681283
681205
681182
681142
680973
680972
680908
680873
680827
680804
680692
680610
680605
680574
680554
680517
680508
680480
680456
680319
680282
680199
680085
680061
680014
679957
679896
679867
679819
679738
679482
679474
679367
679362
679307
679268
679169
679148
679102
678947
678919
678907
678844
678834
678829
678801
678726
678623
678552
678551
678350
678308
678214
678138
677980
677839
677780
677779
677699
677628
677540
677521
677480
677472
677370
677340
677229
677094
677042
677042
676743
676609
676538
676484
676470
676411
676329
676320
676318
676269
676192
676181
676128
675845
675801
675597
675582
675550
675536
675471
675433
675342
675180
675177
675056
675005
674943
674917
674633
674607
674576
674572
674456
674456
674275
674201
674191
674170
674168
674167
674086
673897
673817
673776
673724
673672
673494
673283
673093
673075
673073
673037
673032
673006
672826
672780
672713
672558
672397
672343
672322
672165
672134
672121
672108
671970
671936
671914
671872
671793
671751
671548
671532
671483
671480
671236
671214
671140
671062
671023
670958
670876
670876
670542
670519
670476
670449
670356
670264
670075
669912
669800
669784
669757
669736
669655
669445
669372
669125
669112
669068
669027
668846
668844
668844
668757
668657
668656
668616
668569
668556
668508
668456
668451
668361
668297
668294
668261
668248
668230
668221
668206
668108
668106
668066
668017
668007
667989
667907
667763
667652
667633
667591
667570
667557
667490
667270
667230
667026
666996
666989
666900
666879
666840
666805
666800
666582
666565
666555
666550
666491
666445
666404
666361
666237
666143
666064
665913
665871
665845
665652
665627
665582
665478
665462
665420
665367
665240
665170
665084
665055
665013
664865
664851
664722
664683
664667
664532
664372
664316
664228
664221
664145
664119
664092
663988
663932
663895
663841
663840
663729
663691
663684
663611
663556
663534
663516
663460
663425
663308
663270
663068
663027
663004
662871
662867
662835
662816
662768
662714
662614
662573
662526
662436
662387
662221
662193
662149
661883
661680
661594
661578
661554
661550
661515
661288
661061
661017
660966
660948
660919
660919
660885
660873
660816
660757
660757
660743
660695
660567
660443
660290
660025
659992
659890
659802
659711
659543
659470
659467
659433
659425
659421
659356
659353
659328
659292
659211
659143
659139
659063
659042
659035
659000
658995
658864
658845
658819
658677
658661
658615
658578
658555
658527
658480
658413
658404
658327
658311
658307
658189
658127
658049
657951
657951
657905
657865
657737
657705
657603
657483
657401
657399
657326
657322
657254
657186
657112
656997
656967
656961
656805
656784
656763
656694
656672
656515
656503
656455
656444
656437
656416
656335
656260
656238
656169
656167
656161
656130
656107
656033
655993
655917
655909
655678
655675
655651
655638
655408
655259
655207
655079
655077
655062
655015
654970
654946
654870
654782
654732
654568
654292
653908
653717
653698
653693
653662
653630
653486
653456
653343
653316
653240
653220
653220
653198
653186
653165
653156
653127
652570
652569
652569
652541
652518
652470
652253
652250
652220
652198
652144
652108
652055
652050
651989
651941
651710
651673
651589
651581
651544
651519
651314
651283
651246
651231
651184
651036
650995
650974
650867
650814
650760
650746
650703
650681
650652
650635
650508
650499
650428
650380
650368
650258
650120
650110
649916
649794
649700
649630
649406
649333
649258
649245
649200
649184
649150
649142
649089
649070
648877
648856
648804
648791
648785
648754
648522
648511
648406
648293
648180
648115
648024
648011
647966
647901
647827
647683
647582
647391
647249
647249
647225
647081
646985
646904
646797
646682
646657
646614
646481
646474
646461
646461
646406
646342
646341
646339
646181
646154
646143
646108
645940
645937
645898
645855
645731
645672
645534
645424
645420
645352
645109
645062
645061
644969
644940
644916
644862
644829
644808
644739
644722
644498
644498
644347
644172
644145
644122
644078
644002
643984
643965
643891
643882
643813
643760
643683
643628
643564
643562
643492
643271
643254
643236
643118
643011
642912
642898
642865
642801
642757
642732
642729
642549
642539
642521
642515
642450
642424
642362
642259
642232
642165
642089
642081
641979
641951
641833
641793
641768
641620
641601
641523
641498
641488
641455
641427
641313
641301
641278
641177
641076
640983
640802
640680
640649
640644
640567
640561
640490
640449
640276
640016
639980
639849
639773
639756
639717
639675
639602
639512
639485
639390
639381
639378
639341
639337
639328
639312
639308
639305
639175
639170
639099
639082
638999
638899
638751
638729
638707
638594
638570
638551
638491
638434
638353
638324
638309
638243
638228
638203
638166
638129
638126
638122
638057
637919
637911
637868
637867
637859
637810
637804
637800
637754
637701
637579
637560
637542
637451
637434
637353
637338
637310
637212
637111
637101
637083
637052
637037
637023
636986
636986
636936
636915
636915
636826
636731
636726
636707
636659
636649
636648
636474
636404
636289
636262
636203
635878
635808
635794
635791
635591
635310
635285
635012
634960
634917
634895
634654
634651
634632
634603
634557
634479
634453
634436
634352
634336
634229
634227
634121
634114
634087
634080
634042
634016
633909
633843
633777
633747
633660
633624
633533
633488
633374
633316
633306
633281
633253
633209
633131
633124
633122
633118
632897
632869
632805
632780
632724
632614
632485
632429
632386
632357
632340
632147
632129
632043
632043
632002
631980
631970
631919
631879
631857
631739
631623
631499
631421
631360
631211
631207
631140
630952
630886
630859
630849
630810
630783
630587
630412
630269
630241
630160
630154
630144
630024
630018
630006
629997
629965
629939
629882
629854
629696
629639
629616
629485
629447
629440
629413
629294
629123
629051
629017
628959
628913
628767
628565
628438
628369
628229
628183
628076
627927
627856
627750
627692
627652
627602
627595
627583
627431
627421
627398
627363
627237
627147
627115
627054
626922
626920
626834
626814
626787
626555
626491
626461
626405
626386
626381
626368
626275
626201
626198
626156
626051
625976
625955
625947
625932
625781
625756
625602
625568
625539
625459
625419
625362
625312
625304
625252
625203
625083
625075
625033
625026
625021
624851
624849
624848
624796
624726
624713
624693
624606
624598
624489
624479
624396
624373
624345
624332
624285
624135
624134
624120
624075
624023
623791
623720
623535
623486
623465
623459
623392
623363
623090
622851
622813
622803
622783
622782
622722
622657
622430
622403
622347
622273
622119
621964
621879
621825
621778
621566
621560
621501
621497
621436
621379
621337
621265
621263
621255
621167
621059
621057
620825
620799
620708
620671
620628
620498
620249
620206
620140
620028
620002
619960
619906
619788
619778
619773
619737
619696
619612
619581
619399
619330
619122
619053
619051
618951
618902
618882
618874
618814
618785
618769
618757
618730
618667
618656
618647
618629
618566
618536
618524
618451
618393
618384
617973
617972
617959
617811
617806
617790
617783
617662
617627
617450
617389
617320
617225
617142
616931
616919
616866
616788
616761
616710
616660
616653
616625
616497
616453
616240
616225
616192
616185
616161
616150
615973
615894
615777
615733
615686
615675
615661
615645
615628
615592
615588
615495
615478
615450
615306
615117
615087
615021
614984
614970
614872
614810
614737
614675
614668
614618
614533
614498
614466
614451
614438
614343
614333
614301
614266
614213
614156
614139
613951
613944
613913
613868
613842
613829
613729
613719
613656
613510
613506
613403
613384
613367
613346
613300
613233
613168
612952
612919
612784
612761
612633
612557
612502
612470
612450
612034
612002
611985
611835
611817
611792
611720
611371
611314
611265
611121
611049
611038
610999
610993
610820
610720
610457
610397
610376
610350
610334
610275
610240
610156
610124
610000
609981
609886
609868
609663
609616
609613
609404
609252
609242
609197
609180
609180
609124
609064
608982
608894
608815
608815
608814
608453
608450
608308
608299
608253
608165
607901
607888
607854
607845
607603
607496
607457
607364
607341
607286
607028
606990
606984
606983
606865
606842
606775
606631
606487
606472
606455
606410
606329
606252
606248
606174
606096
605680
605575
605534
605428
605350
605280
605233
605136
604961
604846
604840
604788
604726
604711
604709
604674
604601
604557
604494
604380
604372
604287
604219
604045
603930
603919
603736
603685
603613
603408
603354
603332
603278
603234
603171
603141
603095
603084
602949
602937
602809
602695
602592
602568
602447
602264
602240
602202
602137
601863
601819
601805
601780
601748
601742
601535
601533
601455
601317
601159
601050
601018
600981
600970
600891
600835
600727
600724
600720
600701
600677
600667
600661
600520
600501
600463
600438
600405
600386
600376
600369
600246
600212
600127
599993
599836
599645
599641
599572
599540
599322
599305
599259
599211
599138
599061
599010
598982
598785
598676
598606
598590
598460
598435
598370
598269
598221
598217
598211
598125
597979
597975
597975
597967
597953
597802
597785
597673
597621
597588
597445
597431
597338
597281
597232
597161
597145
597107
596954
596939
596908
596882
596799
596757
596669
596600
596585
596482
596418
596392
596240
596223
596149
596132
595851
595835
595772
595749
595637
595611
595585
595495
595494
595465
595373
595358
595324
595257
595183
595154
595078
595037
595033
594925
594919
594880
594752
594647
594457
594430
594396
594207
594168
594160
594128
594008
593932
593899
593858
593672
593646
593641
593620
593608
593534
593531
593529
593507
593481
593423
593409
593386
593382
593316
593284
593030
592945
592891
592870
592844
592802
592777
592750
592693
592661
592427
592390
592384
592359
592320
592308
592160
592150
592141
592096
592020
591995
591907
591832
591522
591487
591487
591417
591320
591296
591240
591178
590938
590925
590885
590879
590819
590647
590505
590474
590289
590140
590133
590071
590055
590040
589814
589795
589607
589476
589352
589305
589290
589266
589216
589209
588978
588946
588927
588887
588878
588819
588756
588745
588689
588679
588675
588639
588503
588395
588353
588343
588310
588167
588072
588013
587959
587955
587948
587831
587797
587607
587563
587494
587484
587381
587302
587173
587105
587061
587007
586989
586937
586884
586803
586796
586781
586767
586726
586582
586491
586379
586288
586284
586165
586124
586076
586044
585939
585924
585865
585792
585762
585478
585395
585295
585165
585075
585003
584992
584947
584904
584884
584871
584862
584831
584724
584484
584463
584443
584398
584304
584286
584113
584030
583972
583902
583806
583760
583742
583587
583505
583352
583155
583113
582924
582887
582821
582818
582802
582695
582644
582531
582507
582506
582461
582450
582294
582165
582092
581948
581903
581894
581655
581616
581584
581568
581498
581152
580966
580871
580859
580831
580830
580823
580728
580723
580695
580625
580518
580443
580238
580136
580076
579991
579907
579773
579707
579634
579629
579575
579497
579386
579385
579363
579311
579300
579293
579258
579202
579200
579061
579033
578914
578786
578632
578573
578520
578476
578426
578221
578123
578061
578045
577948
577801
577631
577597
577547
577531
577523
577311
577219
577189
577187
577127
576965
576663
576627
576274
576266
576157
576087
575979
575919
575818
575539
575352
575283
575217
575209
575127
575125
575074
575071
575038
574913
574826
574807
574745
574618
574616
574590
574585
574574
574458
574383
574364
574322
574268
574086
574033
573862
573822
573812
573761
573725
573685
573681
573455
573298
573190
573163
573115
573100
573034
572939
572932
572929
572884
572863
572823
572773
572602
572552
572374
572258
572205
572165
571993
571867
571858
571712
571692
571572
571567
571382
571235
571220
571110
571008
571006
570989
570950
570879
570878
570815
570760
570706
570672
570603
570551
570413
570336
570326
570325
570222
570153
569977
569841
569820
569714
569693
569650
569611
569547
569480
569451
569423
569366
569176
569175
569175
569143
568747
568684
568665
568567
568547
568256
568245
568032
567991
567983
567804
567540
567536
567533
567484
567369
567358
567280
567252
567115
567101
567088
567038
566951
566937
566924
566883
566860
566855
566854
566749
566536
566528
566482
566295
566125
566093
566080
565921
565888
565856
565753
565720
565540
565510
565431
565416
565392
565321
565306
565258
565215
565206
565172
565062
564992
564933
564811
564711
564642
564634
564600
564468
564428
564371
564267
564205
564168
564142
564114
564059
564056
564015
563998
563947
563914
563896
563383
563322
563319
563297
563178
563175
563013
562820
562788
562755
562688
562585
562520
562490
562438
562275
562209
562201
562054
561933
561861
561849
561839
561724
561714
561631
561537
561424
561308
561303
561302
561229
561200
561098
561079
560921
560917
560881
560829
560792
560696
560646
560644
560624
560601
560544
560434
560164
560149
560147
560123
560118
560113
559863
559840
559822
559721
559630
559560
559498
559457
559443
559256
559245
559179
559129
559119
559028
558853
558690
558675
558660
558622
558465
558433
558432
558215
558095
558064
557982
557940
557935
557791
557790
557739
557731
557625
557561
557520
557458
557414
557187
557146
557140
557099
557022
556909
556902
556858
556707
556683
556625
556450
556405
556103
555939
555922
555918
555917
555914
555826
555699
555669
555616
555573
555543
555252
555193
555170
555045
554981
554914
554796
554661
554540
554461
554307
554175
554124
554010
554007
553956
553926
553759
553749
553726
553358
553285
553200
553004
552951
552928
552877
552460
552431
552419
552403
552403
552311
552308
552300
552262
552244
552230
552168
552165
552022
552018
552007
551978
551868
551838
551724
551689
551657
551651
551465
551464
551357
551299
551169
551081
551009
550984
550932
550820
550646
550615
550463
550452
550441
550397
550354
550300
550180
550145
550104
550079
550077
550055
550042
550036
550016
549993
549841
549830
549797
549699
549675
549623
549548
549524
549503
549469
549375
549325
549227
549210
549151
549115
549095
549074
549063
549018
548974
548897
548867
548811
548770
548743
548468
548457
548395
548289
548160
548155
548087
548083
547915
547835
547804
547755
547667
547642
547632
547606
547559
547489
547445
547411
547346
547326
547151
547142
547136
547082
547048
547034
546977
546947
546769
546678
546547
546293
546290
546215
546209
546167
546163
546158
546053
546015
545994
545705
545496
545490
545458
545386
545325
545187
545085
545044
544962
544875
544848
544795
544575
544524
544495
544436
544431
544424
544411
544300
544223
544218
544214
544123
544035
543991
543914
543903
543877
543845
543323
543160
543107
543076
542957
542935
542934
542817
542702
542698
542570
542515
542450
542323
542260
542239
542146
542144
542017
542009
541930
541920
541699
541691
541618
541470
541433
541433
541354
541338
541325
541284
541195
541061
541053
540942
540940
540923
540813
540773
540770
540768
540656
540462
540427
540423
540313
540262
540096
540088
539881
539876
539872
539791
539790
539705
539486
539357
539005
538975
538899
538848
538812
538787
538696
538680
538479
538398
538393
538319
538317
538283
538228
538227
538155
538133
538040
537991
537934
537816
537807
537770
537672
537615
537607
537551
537321
537301
537291
537289
537208
537104
537092
536995
536914
536793
536738
536604
536395
536338
536289
536284
536180
536111
536110
536067
536015
535957
535676
535573
535498
535330
535271
535242
535185
535038
534932
534865
534514
534444
534414
534360
534077
533911
533858
533807
533785
533771
533721
533702
533619
533584
533446
533305
533244
533179
533085
533034
533025
532786
532745
532703
532689
532668
532614
532546
532538
532506
532475
532420
532389
532299
532263
532152
532087
532001
531945
531739
531733
531667
531478
531432
531413
531332
531255
531149
531016
530917
530910
530834
530716
530390
530228
530205
530195
530139
530085
530080
530032
530002
529992
529956
529883
529864
529863
529608
529530
529373
529202
529194
529118
528938
528801
528797
528784
528740
528583
528573
528457
528401
528385
528384
528244
528175
528101
528079
528023
527962
527923
527770
527746
527701
527571
527420
527149
527023
526894
526871
526860
526834
526818
526749
526618
526570
526514
526504
526441
526158
526150
526123
526087
526045
525989
525944
525931
525925
525877
525833
525767
525644
525358
525352
525326
525135
525098
524983
524869
524794
524793
524715
524692
524676
524671
524584
524553
524418
524269
524228
524136
524113
524085
523975
523953
523912
523868
523762
523559
523483
523098
523011
522959
522931
522868
522679
522662
522653
522134
522042
521952
521919
521915
521912
521866
521854
521774
521658
521608
521585
521570
521389
521373
521289
521258
521254
521253
521233
521140
521131
521021
520992
520961
520866
520862
520845
520793
520748
520710
520702
520503
520502
520455
520452
520415
520198
520133
520126
520100
520098
520008
519711
519706
519659
519634
519632
519593
519564
519521
519521
519470
519409
519360
519356
519316
519209
519085
519047
519034
519032
518897
518841
518729
518607
518505
518438
518437
518398
518383
518344
518284
518112
518086
517880
517875
517797
517682
517577
517558
517553
517499
517482
517454
517413
517398
517345
517291
517258
517180
517150
517147
517139
517080
517038
517023
516992
516760
516759
516738
516674
516672
516654
516586
516498
516442
516367
516363
516291
516227
515979
515855
515722
515675
515570
515555
515458
515421
515273
515271
515115
515073
515037
515020
514980
514963
514890
514742
514716
514625
514531
514497
514472
514422
514352
514345
514317
514173
514164
514159
514137
514095
514014
513995
513952
513946
513816
513797
513756
513630
513497
513419
513332
513275
513168
513054
513048
513046
513042
512965
512962
512961
512604
512481
512467
512434
512353
512295
512133
512010
511942
511791
511738
511601
511490
511451
511141
511076
510935
510904
510897
510876
510715
510318
510217
510165
510090
510073
510070
510007
509928
509854
509809
509809
509802
509781
509760
509735
509694
509656
509655
509648
509532
509508
509495
509440
509335
509111
508976
508921
508845
508828
508781
508750
508678
508601
508565
508524
508513
508513
508475
508424
508346
508267
508251
508230
508185
508179
508103
508049
508049
507885
507823
507683
507635
507412
507410
507203
507191
507140
507055
506988
506906
506798
506787
506764
506763
506610
506538
506473
506432
506374
506298
506118
505914
505893
505796
505719
505711
505704
505637
505595
505536
505502
505242
505234
505232
505206
505114
505114
505100
505013
505003
504779
504714
504711
504661
504640
504626
504568
504556
504545
504490
504452
504351
504298
504276
504252
504208
504064
504055
503894
503749
503739
503599
503564
503546
503504
503354
503353
503322
503256
503205
503178
503136
503130
503119
503115
503046
503030
502975
502851
502738
502729
502661
502536
502512
502358
502259
502095
501990
501663
501651
501604
501469
501459
501370
501336
501336
501287
501254
501244
501209
500848
500800
500738
500713
500705
500698
500610
500606
500509
500506
500414
500401
500354
500195
500181
500130
499917
499901
499872
499849
499817
499786
499774
499748
499706
499700
499680
499678
499635
499631
499250
499158
499116
499111
499105
499070
498971
498889
498866
498757
498708
498536
498531
498381
498327
498173
498160
498128
497971
497743
497700
497665
497602
497514
497461
497401
497383
497305
497172
497050
497035
497029
496944
496858
496770
496736
496605
496584
496529
496455
496364
496254
496225
496183
496092
496084
496084
495964
495936
495873
495793
495782
495743
495639
495639
495632
495625
495325
495132
495077
495076
494829
494760
494693
494682
494665
494602
494535
494433
494335
494280
494234
494165
494019
493986
493846
493763
493761
493743
493702
493587
493549
493521
493403
493377
493283
493250
493191
493057
493046
493036
492851
492652
492622
492620
492549
492500
492431
492414
492050
491938
491727
491695
491552
491479
491386
491363
491333
491019
490962
490959
490950
490695
490673
490646
490624
490601
490559
490405
490390
490268
490171
489882
489822
489815
489743
489680
489607
489577
489571
489502
489434
489421
489312
489270
489228
489133
489112
488928
488731
488376
488353
488272
488114
487953
487916
487840
487811
487686
487613
487610
487570
487554
487513
487402
487397
487143
486953
486676
486641
486540
486507
486412
486394
486222
486105
486098
486035
486003
485877
485696
485612
485610
485447
485401
485384
485311
485183
485123
485063
484898
484861
484817
484729
484619
484523
484495
484453
484429
484380
484343
484341
484301
484274
484265
484206
484052
484001
483713
483671
483628
483567
483468
483321
483296
483283
483265
483241
483224
483200
483121
483115
483064
483009
482921
482881
482723
482565
482187
482073
482064
482034
481829
481769
481741
481727
481659
481644
481594
481559
481519
481326
481173
481105
481035
480950
480944
480939
480938
480787
480675
480597
480556
480495
480457
480427
480370
480369
480277
480199
480085
480051
480043
480027
479958
479859
479808
479807
479735
479683
479601
479462
479459
479422
479282
479155
479116
478806
478724
478652
478649
478531
478467
478368
478328
478319
478144
478064
478062
477984
477976
477882
477808
477774
477764
477741
477734
477663
477652
477595
477499
477437
477206
477060
476999
476904
476893
476872
476806
476757
476685
476409
476375
476303
476232
476103
476077
476041
476032
476004
475961
475949
475929
475845
475820
475782
475769
475743
475673
475579
475473
475169
475168
475045
474983
474982
474905
474826
474817
474809
474694
474690
474684
474615
474609
474608
474602
474593
474380
474307
474179
474072
474038
473854
473587
473581
473549
473539
473516
473498
473458
473441
473193
473093
473003
472991
472974
472837
472612
472499
472449
472261
472102
472038
472027
471795
471787
471775
471766
471726
471599
471571
471496
471480
471314
471109
471100
470997
470904
470903
470878
470824
470775
470733
470681
470644
470627
470613
470379
470332
470144
470136
469950
469948
469903
469730
469637
469543
469437
469403
469363
469346
469323
469270
469193
469154
469093
469028
469019
468873
468768
468712
468609
468606
468600
468560
468418
468404
468374
468349
468065
468047
468025
467955
467932
467874
467837
467747
467732
467651
467598
467584
467547
467428
467337
467335
467239
467136
467024
466985
466845
466800
466781
466604
466516
466418
466352
466346
466336
466286
466180
466175
466172
466165
466143
466085
465879
465720
465708
465698
465598
465557
465548
465480
465226
465224
465218
465092
465049
465040
464952
464812
464749
464736
464490
464440
464197
464151
464088
464069
464059
464037
464020
463985
463964
463935
463852
463799
463687
463384
463354
463344
463328
463255
463243
463199
463135
463081
462887
462848
462819
462748
462733
462675
462665
462626
462538
462513
462470
462392
462382
462380
462326
462292
462281
462276
462114
462063
462044
461940
461893
461891
461807
461763
461664
461643
461611
461487
461374
461346
461223
461188
461112
461072
461027
460684
460610
460586
460528
460483
460308
460218
460098
460069
459817
459774
459761
459677
459663
459484
459470
459429
459405
459313
459294
459184
459172
459112
458982
458929
458857
458735
458656
458561
458496
458456
458456
458454
458372
458339
458311
458283
458181
458155
458145
458061
457928
457850
457630
457568
457557
457533
457455
457320
457259
457251
457216
457211
457154
457038
456983
456886
456844
456837
456829
456772
456606
456592
456413
456383
456354
456350
456343
456299
456273
456269
456089
456049
456030
455966
455921
455815
455750
455668
455632
455540
455498
455441
455343
455299
455262
455260
455159
455125
455105
455101
455085
455047
454790
454758
454635
454569
454547
454477
454242
454218
454205
453987
453966
453930
453856
453808
453499
453198
453120
453070
453017
452954
452921
452917
452903
452772
452687
452666
452632
452603
452594
452503
452499
452465
452464
452304
452275
452210
452168
452159
452125
452026
451942
451805
451792
451723
451571
451521
451493
451426
451363
451341
451133
450914
450896
450823
450647
450581
450541
450398
450351
450249
450142
450063
449696
449528
449419
449405
449388
449302
449187
449073
449005
448949
448874
448867
448572
448552
448522
448510
448462
448340
448308
448254
448209
448046
448042
448024
447927
447698
447674
447647
447476
447377
447364
447352
447254
447195
447152
447077
446976
446869
446830
446767
446688
446662
446614
446559
446451
446416
446341
446337
446293
446236
446216
446197
446129
446093
446072
445998
445994
445908
445876
445872
445832
445764
445565
445184
445081
445057
444978
444956
444946
444927
444889
444841
444815
444776
444755
444688
444680
444612
444542
444469
444458
444433
444404
444303
444279
444233
444227
444072
443952
443894
443798
443789
443665
443660
443587
443526
443284
443243
443222
443183
443081
442970
442806
442699
442696
442680
442639
442638
442558
442370
442350
442350
442349
442194
442189
441742
441639
441638
441631
441586
441502
441374
441353
441300
441273
441187
441186
441062
441001
440947
440945
440783
440783
440644
440567
440518
440492
440383
440366
440340
440274
440242
440224
440176
440174
440169
440035
440023
439862
439860
439797
439720
439713
439689
439686
439606
439526
439518
439446
439430
439394
439337
439238
439230
439228
439133
439081
439077
439065
439030
438995
438929
438925
438827
438819
438720
438691
438687
438542
438511
438457
438194
438164
438137
438054
437941
437764
437644
437492
437483
437445
437381
437276
437252
437174
437094
437001
436993
436979
436957
436917
436787
436748
436742
436608
436480
436435
436431
436324
436316
436145
436076
436062
435952
435846
435831
435793
435728
435604
435416
435372
435367
435342
435328
435303
435271
435248
435208
435080
435058
435019
434997
434981
434925
434899
434890
434867
434860
434802
434774
434761
434758
434631
434569
434548
434536
434248
434219
434134
434123
434109
434050
434010
433957
433938
433825
433754
433563
433462
433428
433373
433289
433175
432854
432852
432651
432651
432572
432551
432487
432454
432436
432432
432366
432336
432251
432216
432141
432139
432056
431879
431716
431711
431632
431573
431472
431456
431452
431418
431383
431164
431141
431111
431065
430973
430909
430759
430681
430627
430620
430489
430481
430250
430235
430211
430056
430050
430022
429962
429942
429897
429816
429769
429765
429682
429408
429323
429265
429242
429165
429137
429105
429091
429051
429040
428997
428961
428798
428779
428764
428741
428729
428718
428553
428552
428530
428480
428475
428448
428322
428255
428221
428193
428173
428089
428056
427976
427925
427895
427880
427830
427806
427627
427602
427565
427492
427308
427240
427160
426989
426958
426871
426781
426775
426744
426724
426708
426648
426469
426451
426430
426329
426274
426250
426249
426238
426207
426158
426034
425866
425772
425719
425624
425553
425439
425070
425029
424993
424870
424841
424801
424769
424769
424756
424721
424691
424649
424628
424618
424604
424580
424563
424526
424380
424370
424370
424255
424218
424212
424188
424124
423995
423914
423904
423869
423851
423837
423790
423790
423686
423609
423609
423581
423543
423534
423392
423376
423290
423266
423197
423028
423009
422936
422895
422870
422862
422850
422842
422753
422751
422746
422721
422534
422431
422124
422065
421989
421988
421912
421837
421807
421708
421659
421647
421618
421483
421457
421386
421374
421335
421117
421089
421085
420916
420880
420833
420763
420706
420680
420579
420530
420526
420351
419998
419953
419931
419836
419823
419780
419769
419686
419574
419435
419413
419269
419022
418986
418867
418794
418793
418737
418684
418509
418471
418416
418400
418196
418147
417782
417749
417636
417604
417442
417430
417418
417284
417260
417226
417200
416802
416666
416654
416473
416363
416346
416288
416186
416129
415989
415967
415966
415775
415559
415545
415482
415472
415379
415135
415096
415091
414796
414727
414682
414680
414674
414308
414255
414208
414207
414143
414080
414079
414069
414067
414017
413969
413937
413917
413841
413671
413632
413491
413420
413234
413222
413197
413027
412970
412947
412937
412934
412930
412850
412622
412503
412468
412449
412411
412346
412203
412140
412128
412125
412103
411988
411888
411825
411809
411742
411729
411721
411663
411530
411523
411507
411492
411489
411451
411361
411233
411185
411165
411112
411091
411084
411076
411069
410717
410662
410584
410576
410553
410495
410456
410440
410407
410329
410303
410282
410212
410189
410066
410061
409975
409957
409881
409802
409757
409650
409641
409634
409566
409458
409454
409417
409308
409290
409258
409258
409222
409221
409206
409171
409145
409084
408965
408960
408901
408852
408847
408613
408604
408568
408489
408484
408458
408436
408249
408190
408170
408072
407941
407834
407789
407765
407599
407553
407520
407491
407444
407288
407239
407211
407195
407098
407076
407057
406865
406781
406746
406728
406701
406644
406489
406475
406368
406193
406126
406076
405955
405744
405480
405466
405405
405389
405285
405246
405200
405085
405083
405042
405019
404975
404890
404837
404835
404825
404787
404441
404346
404258
404087
403984
403958
403767
403737
403698
403672
403598
403593
403589
403504
403500
403437
403385
403381
403374
403369
403357
403343
403337
403289
403264
403111
403009
402970
402964
402820
402804
402789
402749
402736
402723
402717
402702
402607
402602
402555
402540
402523
402486
402428
402378
402339
402335
402317
402302
402250
402201
402184
402038
401964
401822
401751
401715
401662
401460
401409
401308
401260
401256
401235
401205
401171
401157
400989
400905
400827
400824
400799
400788
400781
400534
400486
400481
400429
400386
400303
400116
400017
399964
399955
399795
399772
399764
399677
399524
399523
399488
399472
399199
399084
398764
398690
398615
398577
398494
398451
398327
398267
397582
397579
397468
397415
397346
397333
397321
397314
397265
397263
397255
397248
397243
397235
397184
397169
397157
397041
397012
396955
396899
396872
396836
396508
396430
396395
396343
396342
396186
396151
396060
395970
395959
395826
395556
395432
395413
395340
395339
395306
395210
395092
395072
395041
395033
394984
394971
394963
394926
394882
394807
394717
394652
394619
394495
394466
394458
394440
394410
394112
394106
394041
393969
393944
393861
393823
393821
393815
393810
393780
393655
393651
393637
393620
393475
393433
393422
393406
393390
393386
393266
393190
392962
392923
392879
392785
392734
392677
392661
392600
392426
392343
392239
392118
392102
392061
392056
391982
391962
391895
391815
391804
391487
391463
391325
391140
391139
391136
391033
390883
390805
390739
390718
390674
390606
390554
390541
390399
390138
390133
389924
389865
389857
389823
389733
389726
389680
389670
389647
389631
389554
389529
389512
389359
389129
389120
389015
388976
388624
388569
388290
388262
388138
388119
387933
387773
387687
387631
387580
387516
387436
387405
387237
387193
387183
387134
387122
387095
387061
387023
386764
386662
386614
386540
386398
386234
386223
386204
386172
386042
385894
385865
385825
385794
385746
385643
385600
385437
385404
385402
385364
385350
385316
385187
385038
385015
384886
384854
384854
384814
384783
384752
384746
384716
384590
384482
384481
384356
384252
384250
384232
384219
383996
383932
383926
383889
383835
383763
383664
383610
383597
383571
383523
383370
383332
383284
383150
383127
383036
382999
382958
382779
382614
382590
382343
382257
382051
382048
382019
381916
381843
381812
381709
381594
381422
381351
381272
381076
380968
380933
380925
380924
380835
380651
380650
380588
380506
380466
380330
380261
380240
380121
380096
380051
379909
379836
379829
379817
379766
379759
379645
379642
379617
379527
379483
379472
379387
379360
379249
379209
379020
378827
378724
378660
378558
378474
378438
378426
378294
378241
378215
378161
377893
377885
377829
377664
377661
377534
377499
377463
377459
377325
377240
377169
377044
376957
376924
376883
376704
376663
376649
376638
376619
376614
376545
376477
376414
376338
376321
376317
376177
376120
376034
376031
375972
375966
375935
375836
375820
375773
375741
375701
375566
375542
375441
375427
375368
375324
375268
375193
375052
375042
375018
374993
374980
374951
374931
374855
374751
374731
374727
374662
374656
374500
374409
374314
374303
374280
374254
374216
374193
374076
373993
373873
373852
373812
373668
373578
373567
373519
373464
373385
373231
373220
373093
373027
372998
372976
372974
372665
372629
372443
372306
372292
372223
372103
371948
371807
371787
371692
371671
371594
371549
371519
371475
371351
371347
371260
371256
371239
371235
371142
371130
371009
370977
370894
370661
370632
370597
370587
370571
370520
370221
370168
370065
370044
370008
369925
369908
369857
369830
369754
369750
369626
369620
369512
369476
369463
369434
369343
369335
369331
369230
369212
369207
369184
369134
369056
368912
368819
368589
368520
368491
368362
368338
368327
368302
368260
368104
368101
368048
367957
367832
367824
367805
367725
367649
367623
367566
367547
367451
367423
367309
367099
367065
366956
366953
366921
366892
366805
366794
366792
366675
366666
366515
366216
366128
366128
366124
366102
365999
365998
365953
365837
365711
365662
365610
365572
365466
365464
365437
365340
365125
365095
365035
364776
364746
364725
364468
364310
364251
364192
364150
364093
363997
363964
363927
363911
363895
363727
363659
363507
363499
363485
363460
363424
363387
363359
363323
363168
363163
362982
362946
362778
362618
362542
362333
362273
362225
362199
362196
362180
362151
362066
362047
361991
361978
361927
361763
361742
361728
361683
361621
361442
361375
361337
361333
361325
361321
361319
361290
361209
361181
361124
361049
361005
360982
360928
360890
360755
360726
360647
360628
360538
360522
360508
360479
360375
360344
360281
360163
360155
360144
360062
360038
359942
359856
359834
359709
359640
359463
359391
359378
359175
359109
359033
358983
358940
358889
358889
358876
358768
358678
358630
358321
358314
358253
358232
358218
358067
358027
357995
357927
357920
357907
357812
357787
357729
357727
357712
357556
357516
357470
357446
357429
357373
357369
357158
357086
357081
357061
357035
356970
356922
356815
356809
356778
356757
356746
356691
356620
356579
356529
356525
356479
356400
356367
356322
356277
356266
356105
356075
355995
355994
355862
355786
355785
355726
355715
355665
355600
355526
355493
355429
355350
355317
355303
355200
355175
354914
354829
354726
354687
354650
354575
354518
354435
354375
354303
354302
354277
354195
354152
354143
354140
354134
354121
354094
354047
353906
353837
353826
353765
353711
353675
353607
353573
353454
353409
353361
353314
353268
353146
352835
352783
352759
352547
352484
352442
352355
352246
352234
352123
352119
351958
351895
351836
351750
351694
351671
351630
351586
351556
351453
351424
351358
351286
351195
351158
351037
351035
351014
351007
350934
350900
350843
350827
350778
350686
350650
350645
350629
350576
350405
350334
350250
350183
349874
349862
349818
349729
349715
349668
349639
349632
349604
349469
349317
349314
349146
349095
349026
348914
348860
348846
348689
348585
348582
348524
348448
348357
348328
348223
348220
348214
348213
348141
348136
348101
348024
348009
347998
347938
347930
347906
347887
347857
347856
347798
347721
347687
347675
347537
347498
347428
347299
347227
347110
347089
347061
347039
347006
346979
346968
346943
346781
346774
346759
346720
346690
346653
346643
346571
346474
346307
346236
346235
346221
346139
346083
346005
345978
345856
345832
345706
345642
345567
345445
345434
345406
345398
345331
345328
345326
345238
345203
345064
345028
345015
344831
344785
344773
344689
344529
344478
344307
344216
344206
344153
344054
344018
343986
343871
343868
343812
343751
343683
343682
343661
343627
343486
343451
343384
343274
343208
343097
343066
342987
342938
342923
342916
342867
342686
342559
342536
342536
342350
342222
342021
341776
341776
341759
341530
341276
341178
341109
341009
341001
340937
340795
340558
340514
340457
340442
340435
340432
340411
340288
340261
340252
340185
340079
340035
340018
339892
339875
339753
339648
339645
339534
339463
339381
339281
339264
339259
339229
339047
339029
339025
338984
338971
338751
338711
338692
338648
338615
338483
338438
338430
338366
338269
338213
338203
338154
338124
338019
338019
337926
337921
337907
337744
337704
337698
337616
337484
337457
337343
337190
337083
336939
336899
336894
336841
336812
336735
336559
336488
336306
336297
336247
336019
335996
335976
335942
335747
335621
335601
335596
335509
335388
335340
335207
335182
335121
335058
334954
334777
334732
334682
334641
334602
334527
334522
334383
334335
334263
334237
334229
334219
334182
334173
334123
333863
333837
333818
333814
333719
333699
333695
333621
333499
333448
333436
333412
333373
333261
333247
333119
333046
332974
332951
332927
332922
332870
332800
332727
332626
332586
332550
